# JRE version: Java(TM) SE Runtime Environment (17.0.12+8) (build 17.0.12+8-LTS-286)
# Java VM: Java HotSpot(TM) 64-Bit Server VM (17.0.12+8-LTS-286, mixed mode, sharing, tiered, compressed oops, compressed class ptrs, g1 gc, windows-amd64)
GC Precious Log:
 CPUs: 4 total, 4 available
 Memory: 3790M
 Large Page Support: Disabled
 NUMA Support: Disabled
 Compressed Oops: Enabled (32-bit)
 Heap Region Size: 1M
 Heap Min Capacity: 8M
 Heap Initial Capacity: 60M
 Heap Max Capacity: 948M
 Pre-touch: Disabled
 Parallel Workers: 4
 Concurrent Workers: 1
 Concurrent Refinement Workers: 4
 Periodic GC: Disabled
Heap:
 garbage-first heap   total 96256K, used 50563K [0x00000000c4c00000, 0x0000000100000000)
  region size 1024K, 1 young (1024K), 1 survivors (1024K)
 Metaspace       used 28602K, committed 28928K, reserved 1114112K
  class space    used 3250K, committed 3392K, reserved 1048576K
GC Heap History (20 events):
Event: 2.740 GC heap after
{Heap after GC invocations=6 (full 0):
 garbage-first heap   total 73728K, used 14968K [0x00000000c4c00000, 0x0000000100000000)
  region size 1024K, 2 young (2048K), 2 survivors (2048K)
 Metaspace       used 16017K, committed 16192K, reserved 1114112K
  class space    used 1871K, committed 1920K, reserved 1048576K
}
Event: 3.626 GC heap before
{Heap before GC invocations=6 (full 0):
 garbage-first heap   total 73728K, used 54904K [0x00000000c4c00000, 0x0000000100000000)
  region size 1024K, 41 young (41984K), 2 survivors (2048K)
 Metaspace       used 19641K, committed 19968K, reserved 1114112K
  class space    used 2272K, committed 2432K, reserved 1048576K
}
Event: 3.633 GC heap after
{Heap after GC invocations=7 (full 0):
 garbage-first heap   total 73728K, used 17589K [0x00000000c4c00000, 0x0000000100000000)
  region size 1024K, 5 young (5120K), 5 survivors (5120K)
 Metaspace       used 19641K, committed 19968K, reserved 1114112K
  class space    used 2272K, committed 2432K, reserved 1048576K
}
Event: 3.799 GC heap before
{Heap before GC invocations=7 (full 0):
 garbage-first heap   total 73728K, used 34997K [0x00000000c4c00000, 0x0000000100000000)
  region size 1024K, 18 young (18432K), 5 survivors (5120K)
 Metaspace       used 21205K, committed 21504K, reserved 1114112K
  class space    used 2493K, committed 2624K, reserved 1048576K
}
Event: 3.805 GC heap after
{Heap after GC invocations=8 (full 0):
 garbage-first heap   total 73728K, used 24952K [0x00000000c4c00000, 0x0000000100000000)
  region size 1024K, 6 young (6144K), 6 survivors (6144K)
 Metaspace       used 21205K, committed 21504K, reserved 1114112K
  class space    used 2493K, committed 2624K, reserved 1048576K
}
Event: 4.314 GC heap before
{Heap before GC invocations=9 (full 0):
 garbage-first heap   total 73728K, used 57720K [0x00000000c4c00000, 0x0000000100000000)
  region size 1024K, 35 young (35840K), 6 survivors (6144K)
 Metaspace       used 25621K, committed 25984K, reserved 1114112K
  class space    used 2961K, committed 3136K, reserved 1048576K
}
Event: 4.330 GC heap after
{Heap after GC invocations=10 (full 0):
 garbage-first heap   total 75776K, used 36620K [0x00000000c4c00000, 0x0000000100000000)
  region size 1024K, 5 young (5120K), 5 survivors (5120K)
 Metaspace       used 25621K, committed 25984K, reserved 1114112K
  class space    used 2961K, committed 3136K, reserved 1048576K
}
Event: 4.469 GC heap before
{Heap before GC invocations=11 (full 0):
 garbage-first heap   total 75776K, used 55052K [0x00000000c4c00000, 0x0000000100000000)
  region size 1024K, 23 young (23552K), 5 survivors (5120K)
 Metaspace       used 25859K, committed 26176K, reserved 1114112K
  class space    used 2991K, committed 3136K, reserved 1048576K
}
Event: 4.476 GC heap after
{Heap after GC invocations=12 (full 0):
 garbage-first heap   total 75776K, used 41984K [0x00000000c4c00000, 0x0000000100000000)
  region size 1024K, 3 young (3072K), 3 survivors (3072K)
 Metaspace       used 25859K, committed 26176K, reserved 1114112K
  class space    used 2991K, committed 3136K, reserved 1048576K
}
Event: 4.606 GC heap before
{Heap before GC invocations=12 (full 0):
 garbage-first heap   total 75776K, used 56320K [0x00000000c4c00000, 0x0000000100000000)
  region size 1024K, 17 young (17408K), 3 survivors (3072K)
 Metaspace       used 26372K, committed 26688K, reserved 1114112K
  class space    used 3037K, committed 3200K, reserved 1048576K
}
Event: 4.612 GC heap after
{Heap after GC invocations=13 (full 0):
 garbage-first heap   total 75776K, used 45178K [0x00000000c4c00000, 0x0000000100000000)
  region size 1024K, 3 young (3072K), 3 survivors (3072K)
 Metaspace       used 26372K, committed 26688K, reserved 1114112K
  class space    used 3037K, committed 3200K, reserved 1048576K
}
Event: 4.707 GC heap before
{Heap before GC invocations=14 (full 0):
 garbage-first heap   total 86016K, used 52346K [0x00000000c4c00000, 0x0000000100000000)
  region size 1024K, 11 young (11264K), 3 survivors (3072K)
 Metaspace       used 26526K, committed 26880K, reserved 1114112K
  class space    used 3039K, committed 3200K, reserved 1048576K
}
Event: 4.714 GC heap after
{Heap after GC invocations=15 (full 0):
 garbage-first heap   total 86016K, used 47042K [0x00000000c4c00000, 0x0000000100000000)
  region size 1024K, 2 young (2048K), 2 survivors (2048K)
 Metaspace       used 26526K, committed 26880K, reserved 1114112K
  class space    used 3039K, committed 3200K, reserved 1048576K
}
Event: 4.866 GC heap before
{Heap before GC invocations=16 (full 0):
 garbage-first heap   total 89088K, used 65474K [0x00000000c4c00000, 0x0000000100000000)
  region size 1024K, 19 young (19456K), 2 survivors (2048K)
 Metaspace       used 26651K, committed 26944K, reserved 1114112K
  class space    used 3042K, committed 3200K, reserved 1048576K
}
Event: 4.873 GC heap after
{Heap after GC invocations=17 (full 0):
 garbage-first heap   total 89088K, used 49891K [0x00000000c4c00000, 0x0000000100000000)
  region size 1024K, 2 young (2048K), 2 survivors (2048K)
 Metaspace       used 26651K, committed 26944K, reserved 1114112K
  class space    used 3042K, committed 3200K, reserved 1048576K
}
Event: 5.203 GC heap before
{Heap before GC invocations=17 (full 0):
 garbage-first heap   total 89088K, used 67299K [0x00000000c4c00000, 0x0000000100000000)
  region size 1024K, 20 young (20480K), 2 survivors (2048K)
 Metaspace       used 27824K, committed 28160K, reserved 1114112K
  class space    used 3176K, committed 3328K, reserved 1048576K
}
Event: 5.209 GC heap after
{Heap after GC invocations=18 (full 0):
 garbage-first heap   total 89088K, used 51040K [0x00000000c4c00000, 0x0000000100000000)
  region size 1024K, 2 young (2048K), 2 survivors (2048K)
 Metaspace       used 27824K, committed 28160K, reserved 1114112K
  class space    used 3176K, committed 3328K, reserved 1048576K
}
Event: 5.410 GC heap before
{Heap before GC invocations=19 (full 0):
 garbage-first heap   total 96256K, used 67424K [0x00000000c4c00000, 0x0000000100000000)
  region size 1024K, 19 young (19456K), 2 survivors (2048K)
 Metaspace       used 28591K, committed 28928K, reserved 1114112K
  class space    used 3250K, committed 3392K, reserved 1048576K
}
Event: 5.413 GC heap after
{Heap after GC invocations=20 (full 0):
 garbage-first heap   total 96256K, used 51221K [0x00000000c4c00000, 0x0000000100000000)
  region size 1024K, 2 young (2048K), 2 survivors (2048K)
 Metaspace       used 28591K, committed 28928K, reserved 1114112K
  class space    used 3250K, committed 3392K, reserved 1048576K
}
Event: 5.421 GC heap before
{Heap before GC invocations=20 (full 0):
 garbage-first heap   total 96256K, used 53269K [0x00000000c4c00000, 0x0000000100000000)
  region size 1024K, 4 young (4096K), 2 survivors (2048K)
 Metaspace       used 28602K, committed 28928K, reserved 1114112K
  class space    used 3250K, committed 3392K, reserved 1048576K
}

