# JRE version: Java(TM) SE Runtime Environment (17.0.12+8) (build 17.0.12+8-LTS-286)
# Java VM: Java HotSpot(TM) 64-Bit Server VM (17.0.12+8-LTS-286, mixed mode, sharing, tiered, compressed oops, compressed class ptrs, g1 gc, windows-amd64)
GC Precious Log:
 CPUs: 4 total, 4 available
 Memory: 3790M
 Large Page Support: Disabled
 NUMA Support: Disabled
 Compressed Oops: Enabled (32-bit)
 Heap Region Size: 1M
 Heap Min Capacity: 8M
 Heap Initial Capacity: 60M
 Heap Max Capacity: 948M
 Pre-touch: Disabled
 Parallel Workers: 4
 Concurrent Workers: 1
 Concurrent Refinement Workers: 4
 Periodic GC: Disabled
Heap:
 garbage-first heap   total 61440K, used 46907K [0x00000000c4c00000, 0x0000000100000000)
  region size 1024K, 30 young (30720K), 5 survivors (5120K)
 Metaspace       used 21111K, committed 21440K, reserved 1114112K
  class space    used 2470K, committed 2624K, reserved 1048576K
GC Heap History (16 events):
Event: 0.612 GC heap before
{Heap before GC invocations=0 (full 0):
 garbage-first heap   total 61440K, used 13312K [0x00000000c4c00000, 0x0000000100000000)
  region size 1024K, 13 young (13312K), 0 survivors (0K)
 Metaspace       used 3613K, committed 3776K, reserved 1114112K
  class space    used 387K, committed 448K, reserved 1048576K
}
Event: 0.619 GC heap after
{Heap after GC invocations=1 (full 0):
 garbage-first heap   total 61440K, used 3174K [0x00000000c4c00000, 0x0000000100000000)
  region size 1024K, 2 young (2048K), 2 survivors (2048K)
 Metaspace       used 3613K, committed 3776K, reserved 1114112K
  class space    used 387K, committed 448K, reserved 1048576K
}
Event: 1.002 GC heap before
{Heap before GC invocations=1 (full 0):
 garbage-first heap   total 61440K, used 16486K [0x00000000c4c00000, 0x0000000100000000)
  region size 1024K, 15 young (15360K), 2 survivors (2048K)
 Metaspace       used 5675K, committed 5824K, reserved 1114112K
  class space    used 689K, committed 768K, reserved 1048576K
}
Event: 1.005 GC heap after
{Heap after GC invocations=2 (full 0):
 garbage-first heap   total 61440K, used 3895K [0x00000000c4c00000, 0x0000000100000000)
  region size 1024K, 1 young (1024K), 1 survivors (1024K)
 Metaspace       used 5675K, committed 5824K, reserved 1114112K
  class space    used 689K, committed 768K, reserved 1048576K
}
Event: 1.404 GC heap before
{Heap before GC invocations=2 (full 0):
 garbage-first heap   total 61440K, used 27447K [0x00000000c4c00000, 0x0000000100000000)
  region size 1024K, 25 young (25600K), 1 survivors (1024K)
 Metaspace       used 9185K, committed 9408K, reserved 1114112K
  class space    used 1114K, committed 1216K, reserved 1048576K
}
Event: 1.408 GC heap after
{Heap after GC invocations=3 (full 0):
 garbage-first heap   total 61440K, used 5083K [0x00000000c4c00000, 0x0000000100000000)
  region size 1024K, 2 young (2048K), 2 survivors (2048K)
 Metaspace       used 9185K, committed 9408K, reserved 1114112K
  class space    used 1114K, committed 1216K, reserved 1048576K
}
Event: 2.592 GC heap before
{Heap before GC invocations=3 (full 0):
 garbage-first heap   total 61440K, used 39899K [0x00000000c4c00000, 0x0000000100000000)
  region size 1024K, 36 young (36864K), 2 survivors (2048K)
 Metaspace       used 14819K, committed 14976K, reserved 1114112K
  class space    used 1801K, committed 1856K, reserved 1048576K
}
Event: 2.604 GC heap after
{Heap after GC invocations=4 (full 0):
 garbage-first heap   total 61440K, used 8821K [0x00000000c4c00000, 0x0000000100000000)
  region size 1024K, 5 young (5120K), 5 survivors (5120K)
 Metaspace       used 14819K, committed 14976K, reserved 1114112K
  class space    used 1801K, committed 1856K, reserved 1048576K
}
Event: 4.443 GC heap before
{Heap before GC invocations=4 (full 0):
 garbage-first heap   total 61440K, used 40565K [0x00000000c4c00000, 0x0000000100000000)
  region size 1024K, 36 young (36864K), 5 survivors (5120K)
 Metaspace       used 15611K, committed 15808K, reserved 1114112K
  class space    used 1862K, committed 1920K, reserved 1048576K
}
Event: 4.462 GC heap after
{Heap after GC invocations=5 (full 0):
 garbage-first heap   total 61440K, used 13170K [0x00000000c4c00000, 0x0000000100000000)
  region size 1024K, 5 young (5120K), 5 survivors (5120K)
 Metaspace       used 15611K, committed 15808K, reserved 1114112K
  class space    used 1862K, committed 1920K, reserved 1048576K
}
Event: 5.327 GC heap before
{Heap before GC invocations=5 (full 0):
 garbage-first heap   total 61440K, used 41842K [0x00000000c4c00000, 0x0000000100000000)
  region size 1024K, 33 young (33792K), 5 survivors (5120K)
 Metaspace       used 15869K, committed 16064K, reserved 1114112K
  class space    used 1870K, committed 1920K, reserved 1048576K
}
Event: 5.338 GC heap after
{Heap after GC invocations=6 (full 0):
 garbage-first heap   total 61440K, used 14511K [0x00000000c4c00000, 0x0000000100000000)
  region size 1024K, 2 young (2048K), 2 survivors (2048K)
 Metaspace       used 15869K, committed 16064K, reserved 1114112K
  class space    used 1870K, committed 1920K, reserved 1048576K
}
Event: 6.308 GC heap before
{Heap before GC invocations=6 (full 0):
 garbage-first heap   total 61440K, used 44207K [0x00000000c4c00000, 0x0000000100000000)
  region size 1024K, 31 young (31744K), 2 survivors (2048K)
 Metaspace       used 16197K, committed 16448K, reserved 1114112K
  class space    used 1873K, committed 1984K, reserved 1048576K
}
Event: 6.314 GC heap after
{Heap after GC invocations=7 (full 0):
 garbage-first heap   total 61440K, used 15162K [0x00000000c4c00000, 0x0000000100000000)
  region size 1024K, 3 young (3072K), 3 survivors (3072K)
 Metaspace       used 16197K, committed 16448K, reserved 1114112K
  class space    used 1873K, committed 1984K, reserved 1048576K
}
Event: 8.836 GC heap before
{Heap before GC invocations=7 (full 0):
 garbage-first heap   total 61440K, used 45882K [0x00000000c4c00000, 0x0000000100000000)
  region size 1024K, 33 young (33792K), 3 survivors (3072K)
 Metaspace       used 17539K, committed 17856K, reserved 1114112K
  class space    used 2024K, committed 2176K, reserved 1048576K
}
Event: 8.847 GC heap after
{Heap after GC invocations=8 (full 0):
 garbage-first heap   total 61440K, used 17211K [0x00000000c4c00000, 0x0000000100000000)
  region size 1024K, 5 young (5120K), 5 survivors (5120K)
 Metaspace       used 17539K, committed 17856K, reserved 1114112K
  class space    used 2024K, committed 2176K, reserved 1048576K
}

