# JRE version: Java(TM) SE Runtime Environment (17.0.12+8) (build 17.0.12+8-LTS-286)
# Java VM: Java HotSpot(TM) 64-Bit Server VM (17.0.12+8-LTS-286, mixed mode, sharing, tiered, compressed oops, compressed class ptrs, g1 gc, windows-amd64)
GC Precious Log:
 CPUs: 4 total, 4 available
 Memory: 3790M
 Large Page Support: Disabled
 NUMA Support: Disabled
 Compressed Oops: Enabled (32-bit)
 Heap Region Size: 1M
 Heap Min Capacity: 8M
 Heap Initial Capacity: 60M
 Heap Max Capacity: 948M
 Pre-touch: Disabled
 Parallel Workers: 4
 Concurrent Workers: 1
 Concurrent Refinement Workers: 4
 Periodic GC: Disabled
Heap:
 garbage-first heap   total 68608K, used 45056K [0x00000000c4c00000, 0x0000000100000000)
  region size 1024K, 9 young (9216K), 2 survivors (2048K)
 Metaspace       used 25737K, committed 26112K, reserved 1114112K
  class space    used 2960K, committed 3136K, reserved 1048576K
GC Heap History (20 events):
Event: 2.491 GC heap before
{Heap before GC invocations=1 (full 0):
 garbage-first heap   total 61440K, used 14520K [0x00000000c4c00000, 0x0000000100000000)
  region size 1024K, 13 young (13312K), 2 survivors (2048K)
 Metaspace       used 5530K, committed 5696K, reserved 1114112K
  class space    used 667K, committed 768K, reserved 1048576K
}
Event: 2.498 GC heap after
{Heap after GC invocations=2 (full 0):
 garbage-first heap   total 61440K, used 3937K [0x00000000c4c00000, 0x0000000100000000)
  region size 1024K, 1 young (1024K), 1 survivors (1024K)
 Metaspace       used 5530K, committed 5696K, reserved 1114112K
  class space    used 667K, committed 768K, reserved 1048576K
}
Event: 3.582 GC heap before
{Heap before GC invocations=2 (full 0):
 garbage-first heap   total 61440K, used 26465K [0x00000000c4c00000, 0x0000000100000000)
  region size 1024K, 24 young (24576K), 1 survivors (1024K)
 Metaspace       used 8510K, committed 8640K, reserved 1114112K
  class space    used 1022K, committed 1088K, reserved 1048576K
}
Event: 3.590 GC heap after
{Heap after GC invocations=3 (full 0):
 garbage-first heap   total 61440K, used 4851K [0x00000000c4c00000, 0x0000000100000000)
  region size 1024K, 2 young (2048K), 2 survivors (2048K)
 Metaspace       used 8510K, committed 8640K, reserved 1114112K
  class space    used 1022K, committed 1088K, reserved 1048576K
}
Event: 6.399 GC heap before
{Heap before GC invocations=3 (full 0):
 garbage-first heap   total 61440K, used 39667K [0x00000000c4c00000, 0x0000000100000000)
  region size 1024K, 36 young (36864K), 2 survivors (2048K)
 Metaspace       used 14715K, committed 14912K, reserved 1114112K
  class space    used 1796K, committed 1856K, reserved 1048576K
}
Event: 6.414 GC heap after
{Heap after GC invocations=4 (full 0):
 garbage-first heap   total 61440K, used 8419K [0x00000000c4c00000, 0x0000000100000000)
  region size 1024K, 5 young (5120K), 5 survivors (5120K)
 Metaspace       used 14715K, committed 14912K, reserved 1114112K
  class space    used 1796K, committed 1856K, reserved 1048576K
}
Event: 7.992 GC heap before
{Heap before GC invocations=4 (full 0):
 garbage-first heap   total 61440K, used 40163K [0x00000000c4c00000, 0x0000000100000000)
  region size 1024K, 36 young (36864K), 5 survivors (5120K)
 Metaspace       used 15582K, committed 15744K, reserved 1114112K
  class space    used 1861K, committed 1920K, reserved 1048576K
}
Event: 8.015 GC heap after
{Heap after GC invocations=5 (full 0):
 garbage-first heap   total 61440K, used 12621K [0x00000000c4c00000, 0x0000000100000000)
  region size 1024K, 5 young (5120K), 5 survivors (5120K)
 Metaspace       used 15582K, committed 15744K, reserved 1114112K
  class space    used 1861K, committed 1920K, reserved 1048576K
}
Event: 9.488 GC heap before
{Heap before GC invocations=5 (full 0):
 garbage-first heap   total 61440K, used 42317K [0x00000000c4c00000, 0x0000000100000000)
  region size 1024K, 34 young (34816K), 5 survivors (5120K)
 Metaspace       used 15863K, committed 16064K, reserved 1114112K
  class space    used 1865K, committed 1920K, reserved 1048576K
}
Event: 9.499 GC heap after
{Heap after GC invocations=6 (full 0):
 garbage-first heap   total 61440K, used 14107K [0x00000000c4c00000, 0x0000000100000000)
  region size 1024K, 2 young (2048K), 2 survivors (2048K)
 Metaspace       used 15863K, committed 16064K, reserved 1114112K
  class space    used 1865K, committed 1920K, reserved 1048576K
}
Event: 10.552 GC heap before
{Heap before GC invocations=6 (full 0):
 garbage-first heap   total 61440K, used 44827K [0x00000000c4c00000, 0x0000000100000000)
  region size 1024K, 32 young (32768K), 2 survivors (2048K)
 Metaspace       used 16194K, committed 16448K, reserved 1114112K
  class space    used 1873K, committed 1984K, reserved 1048576K
}
Event: 10.561 GC heap after
{Heap after GC invocations=7 (full 0):
 garbage-first heap   total 61440K, used 14946K [0x00000000c4c00000, 0x0000000100000000)
  region size 1024K, 3 young (3072K), 3 survivors (3072K)
 Metaspace       used 16194K, committed 16448K, reserved 1114112K
  class space    used 1873K, committed 1984K, reserved 1048576K
}
Event: 12.540 GC heap before
{Heap before GC invocations=7 (full 0):
 garbage-first heap   total 61440K, used 46690K [0x00000000c4c00000, 0x0000000100000000)
  region size 1024K, 34 young (34816K), 3 survivors (3072K)
 Metaspace       used 17568K, committed 17792K, reserved 1114112K
  class space    used 2023K, committed 2112K, reserved 1048576K
}
Event: 12.550 GC heap after
{Heap after GC invocations=8 (full 0):
 garbage-first heap   total 61440K, used 17090K [0x00000000c4c00000, 0x0000000100000000)
  region size 1024K, 5 young (5120K), 5 survivors (5120K)
 Metaspace       used 17568K, committed 17792K, reserved 1114112K
  class space    used 2023K, committed 2112K, reserved 1048576K
}
Event: 14.732 GC heap before
{Heap before GC invocations=8 (full 0):
 garbage-first heap   total 61440K, used 43714K [0x00000000c4c00000, 0x0000000100000000)
  region size 1024K, 28 young (28672K), 5 survivors (5120K)
 Metaspace       used 21241K, committed 21504K, reserved 1114112K
  class space    used 2476K, committed 2624K, reserved 1048576K
}
Event: 14.750 GC heap after
{Heap after GC invocations=9 (full 0):
 garbage-first heap   total 61440K, used 24908K [0x00000000c4c00000, 0x0000000100000000)
  region size 1024K, 5 young (5120K), 5 survivors (5120K)
 Metaspace       used 21241K, committed 21504K, reserved 1114112K
  class space    used 2476K, committed 2624K, reserved 1048576K
}
Event: 16.083 GC heap before
{Heap before GC invocations=10 (full 0):
 garbage-first heap   total 61440K, used 47436K [0x00000000c4c00000, 0x0000000100000000)
  region size 1024K, 26 young (26624K), 5 survivors (5120K)
 Metaspace       used 25712K, committed 26048K, reserved 1114112K
  class space    used 2960K, committed 3136K, reserved 1048576K
}
Event: 16.101 GC heap after
{Heap after GC invocations=11 (full 0):
 garbage-first heap   total 63488K, used 36360K [0x00000000c4c00000, 0x0000000100000000)
  region size 1024K, 4 young (4096K), 4 survivors (4096K)
 Metaspace       used 25712K, committed 26048K, reserved 1114112K
  class space    used 2960K, committed 3136K, reserved 1048576K
}
Event: 16.412 GC heap before
{Heap before GC invocations=11 (full 0):
 garbage-first heap   total 63488K, used 46600K [0x00000000c4c00000, 0x0000000100000000)
  region size 1024K, 15 young (15360K), 4 survivors (4096K)
 Metaspace       used 25723K, committed 26112K, reserved 1114112K
  class space    used 2960K, committed 3136K, reserved 1048576K
}
Event: 16.421 GC heap after
{Heap after GC invocations=12 (full 0):
 garbage-first heap   total 63488K, used 40960K [0x00000000c4c00000, 0x0000000100000000)
  region size 1024K, 2 young (2048K), 2 survivors (2048K)
 Metaspace       used 25723K, committed 26112K, reserved 1114112K
  class space    used 2960K, committed 3136K, reserved 1048576K
}

