# JRE version: Java(TM) SE Runtime Environment (17.0.12+8) (build 17.0.12+8-LTS-286)
# Java VM: Java HotSpot(TM) 64-Bit Server VM (17.0.12+8-LTS-286, mixed mode, sharing, tiered, compressed oops, compressed class ptrs, g1 gc, windows-amd64)
GC Precious Log:
 CPUs: 4 total, 4 available
 Memory: 3790M
 Large Page Support: Disabled
 NUMA Support: Disabled
 Compressed Oops: Enabled (32-bit)
 Heap Region Size: 1M
 Heap Min Capacity: 256M
 Heap Initial Capacity: 256M
 Heap Max Capacity: 1G
 Pre-touch: Disabled
 Parallel Workers: 4
 Concurrent Workers: 1
 Concurrent Refinement Workers: 4
 Periodic GC: Disabled
Heap:
 garbage-first heap   total 262144K, used 46384K [0x00000000c0000000, 0x0000000100000000)
  region size 1024K, 36 young (36864K), 12 survivors (12288K)
 Metaspace       used 43029K, committed 43392K, reserved 1114112K
  class space    used 5667K, committed 5824K, reserved 1048576K
GC Heap History (10 events):
Event: 1.478 GC heap before
{Heap before GC invocations=0 (full 0):
 garbage-first heap   total 262144K, used 15360K [0x00000000c0000000, 0x0000000100000000)
  region size 1024K, 13 young (13312K), 0 survivors (0K)
 Metaspace       used 1607K, committed 1728K, reserved 1114112K
  class space    used 154K, committed 192K, reserved 1048576K
}
Event: 1.484 GC heap after
{Heap after GC invocations=1 (full 0):
 garbage-first heap   total 262144K, used 9452K [0x00000000c0000000, 0x0000000100000000)
  region size 1024K, 2 young (2048K), 2 survivors (2048K)
 Metaspace       used 1607K, committed 1728K, reserved 1114112K
  class space    used 154K, committed 192K, reserved 1048576K
}
Event: 2.436 GC heap before
{Heap before GC invocations=1 (full 0):
 garbage-first heap   total 262144K, used 19692K [0x00000000c0000000, 0x0000000100000000)
  region size 1024K, 12 young (12288K), 2 survivors (2048K)
 Metaspace       used 3954K, committed 4160K, reserved 1114112K
  class space    used 436K, committed 512K, reserved 1048576K
}
Event: 2.441 GC heap after
{Heap after GC invocations=2 (full 0):
 garbage-first heap   total 262144K, used 10737K [0x00000000c0000000, 0x0000000100000000)
  region size 1024K, 2 young (2048K), 2 survivors (2048K)
 Metaspace       used 3954K, committed 4160K, reserved 1114112K
  class space    used 436K, committed 512K, reserved 1048576K
}
Event: 5.094 GC heap before
{Heap before GC invocations=2 (full 0):
 garbage-first heap   total 262144K, used 31217K [0x00000000c0000000, 0x0000000100000000)
  region size 1024K, 22 young (22528K), 2 survivors (2048K)
 Metaspace       used 9142K, committed 9408K, reserved 1114112K
  class space    used 1124K, committed 1280K, reserved 1048576K
}
Event: 5.100 GC heap after
{Heap after GC invocations=3 (full 0):
 garbage-first heap   total 262144K, used 12424K [0x00000000c0000000, 0x0000000100000000)
  region size 1024K, 2 young (2048K), 2 survivors (2048K)
 Metaspace       used 9142K, committed 9408K, reserved 1114112K
  class space    used 1124K, committed 1280K, reserved 1048576K
}
Event: 9.792 GC heap before
{Heap before GC invocations=3 (full 0):
 garbage-first heap   total 262144K, used 74888K [0x00000000c0000000, 0x0000000100000000)
  region size 1024K, 64 young (65536K), 2 survivors (2048K)
 Metaspace       used 21211K, committed 21504K, reserved 1114112K
  class space    used 2797K, committed 2944K, reserved 1048576K
}
Event: 9.804 GC heap after
{Heap after GC invocations=4 (full 0):
 garbage-first heap   total 262144K, used 15794K [0x00000000c0000000, 0x0000000100000000)
  region size 1024K, 5 young (5120K), 5 survivors (5120K)
 Metaspace       used 21211K, committed 21504K, reserved 1114112K
  class space    used 2797K, committed 2944K, reserved 1048576K
}
Event: 15.135 GC heap before
{Heap before GC invocations=5 (full 0):
 garbage-first heap   total 262144K, used 110002K [0x00000000c0000000, 0x0000000100000000)
  region size 1024K, 98 young (100352K), 5 survivors (5120K)
 Metaspace       used 35553K, committed 35968K, reserved 1114112K
  class space    used 4755K, committed 4928K, reserved 1048576K
}
Event: 15.180 GC heap after
{Heap after GC invocations=6 (full 0):
 garbage-first heap   total 262144K, used 22832K [0x00000000c0000000, 0x0000000100000000)
  region size 1024K, 12 young (12288K), 12 survivors (12288K)
 Metaspace       used 35553K, committed 35968K, reserved 1114112K
  class space    used 4755K, committed 4928K, reserved 1048576K
}

