# JRE version: Java(TM) SE Runtime Environment (17.0.12+8) (build 17.0.12+8-LTS-286)
# Java VM: Java HotSpot(TM) 64-Bit Server VM (17.0.12+8-LTS-286, mixed mode, sharing, tiered, compressed oops, compressed class ptrs, g1 gc, windows-amd64)
GC Precious Log:
 CPUs: 4 total, 4 available
 Memory: 3790M
 Large Page Support: Disabled
 NUMA Support: Disabled
 Compressed Oops: Enabled (32-bit)
 Heap Region Size: 1M
 Heap Min Capacity: 8M
 Heap Initial Capacity: 60M
 Heap Max Capacity: 948M
 Pre-touch: Disabled
 Parallel Workers: 4
 Concurrent Workers: 1
 Concurrent Refinement Workers: 4
 Periodic GC: Disabled
Heap:
 garbage-first heap   total 73728K, used 45446K [0x00000000c4c00000, 0x0000000100000000)
  region size 1024K, 2 young (2048K), 2 survivors (2048K)
 Metaspace       used 25993K, committed 26304K, reserved 1114112K
  class space    used 3015K, committed 3136K, reserved 1048576K
GC Heap History (20 events):
Event: 0.470 GC heap after
{Heap after GC invocations=2 (full 0):
 garbage-first heap   total 61440K, used 3969K [0x00000000c4c00000, 0x0000000100000000)
  region size 1024K, 1 young (1024K), 1 survivors (1024K)
 Metaspace       used 5746K, committed 5888K, reserved 1114112K
  class space    used 696K, committed 768K, reserved 1048576K
}
Event: 0.938 GC heap before
{Heap before GC invocations=2 (full 0):
 garbage-first heap   total 61440K, used 39809K [0x00000000c4c00000, 0x0000000100000000)
  region size 1024K, 36 young (36864K), 1 survivors (1024K)
 Metaspace       used 11498K, committed 11648K, reserved 1114112K
  class space    used 1423K, committed 1472K, reserved 1048576K
}
Event: 0.943 GC heap after
{Heap after GC invocations=3 (full 0):
 garbage-first heap   total 61440K, used 6089K [0x00000000c4c00000, 0x0000000100000000)
  region size 1024K, 3 young (3072K), 3 survivors (3072K)
 Metaspace       used 11498K, committed 11648K, reserved 1114112K
  class space    used 1423K, committed 1472K, reserved 1048576K
}
Event: 1.535 GC heap before
{Heap before GC invocations=3 (full 0):
 garbage-first heap   total 61440K, used 39881K [0x00000000c4c00000, 0x0000000100000000)
  region size 1024K, 36 young (36864K), 3 survivors (3072K)
 Metaspace       used 14965K, committed 15168K, reserved 1114112K
  class space    used 1805K, committed 1856K, reserved 1048576K
}
Event: 1.547 GC heap after
{Heap after GC invocations=4 (full 0):
 garbage-first heap   total 61440K, used 10126K [0x00000000c4c00000, 0x0000000100000000)
  region size 1024K, 5 young (5120K), 5 survivors (5120K)
 Metaspace       used 14965K, committed 15168K, reserved 1114112K
  class space    used 1805K, committed 1856K, reserved 1048576K
}
Event: 1.890 GC heap before
{Heap before GC invocations=4 (full 0):
 garbage-first heap   total 61440K, used 41870K [0x00000000c4c00000, 0x0000000100000000)
  region size 1024K, 36 young (36864K), 5 survivors (5120K)
 Metaspace       used 15646K, committed 15808K, reserved 1114112K
  class space    used 1867K, committed 1920K, reserved 1048576K
}
Event: 1.899 GC heap after
{Heap after GC invocations=5 (full 0):
 garbage-first heap   total 73728K, used 13136K [0x00000000c4c00000, 0x0000000100000000)
  region size 1024K, 3 young (3072K), 3 survivors (3072K)
 Metaspace       used 15646K, committed 15808K, reserved 1114112K
  class space    used 1867K, committed 1920K, reserved 1048576K
}
Event: 2.495 GC heap before
{Heap before GC invocations=5 (full 0):
 garbage-first heap   total 73728K, used 53072K [0x00000000c4c00000, 0x0000000100000000)
  region size 1024K, 42 young (43008K), 3 survivors (3072K)
 Metaspace       used 16727K, committed 17024K, reserved 1114112K
  class space    used 1964K, committed 2112K, reserved 1048576K
}
Event: 2.501 GC heap after
{Heap after GC invocations=6 (full 0):
 garbage-first heap   total 73728K, used 14212K [0x00000000c4c00000, 0x0000000100000000)
  region size 1024K, 4 young (4096K), 4 survivors (4096K)
 Metaspace       used 16727K, committed 17024K, reserved 1114112K
  class space    used 1964K, committed 2112K, reserved 1048576K
}
Event: 2.971 GC heap before
{Heap before GC invocations=6 (full 0):
 garbage-first heap   total 73728K, used 59268K [0x00000000c4c00000, 0x0000000100000000)
  region size 1024K, 43 young (44032K), 4 survivors (4096K)
 Metaspace       used 19977K, committed 20288K, reserved 1114112K
  class space    used 2315K, committed 2432K, reserved 1048576K
}
Event: 2.979 GC heap after
{Heap after GC invocations=7 (full 0):
 garbage-first heap   total 73728K, used 22439K [0x00000000c4c00000, 0x0000000100000000)
  region size 1024K, 6 young (6144K), 6 survivors (6144K)
 Metaspace       used 19977K, committed 20288K, reserved 1114112K
  class space    used 2315K, committed 2432K, reserved 1048576K
}
Event: 3.024 GC heap before
{Heap before GC invocations=7 (full 0):
 garbage-first heap   total 73728K, used 24487K [0x00000000c4c00000, 0x0000000100000000)
  region size 1024K, 9 young (9216K), 6 survivors (6144K)
 Metaspace       used 21192K, committed 21504K, reserved 1114112K
  class space    used 2493K, committed 2624K, reserved 1048576K
}
Event: 3.035 GC heap after
{Heap after GC invocations=8 (full 0):
 garbage-first heap   total 73728K, used 21854K [0x00000000c4c00000, 0x0000000100000000)
  region size 1024K, 2 young (2048K), 2 survivors (2048K)
 Metaspace       used 21192K, committed 21504K, reserved 1114112K
  class space    used 2493K, committed 2624K, reserved 1048576K
}
Event: 3.410 GC heap before
{Heap before GC invocations=9 (full 0):
 garbage-first heap   total 73728K, used 46430K [0x00000000c4c00000, 0x0000000100000000)
  region size 1024K, 24 young (24576K), 2 survivors (2048K)
 Metaspace       used 25579K, committed 25984K, reserved 1114112K
  class space    used 2962K, committed 3136K, reserved 1048576K
}
Event: 3.420 GC heap after
{Heap after GC invocations=10 (full 0):
 garbage-first heap   total 73728K, used 33719K [0x00000000c4c00000, 0x0000000100000000)
  region size 1024K, 3 young (3072K), 3 survivors (3072K)
 Metaspace       used 25579K, committed 25984K, reserved 1114112K
  class space    used 2962K, committed 3136K, reserved 1048576K
}
Event: 3.593 GC heap before
{Heap before GC invocations=11 (full 0):
 garbage-first heap   total 73728K, used 49079K [0x00000000c4c00000, 0x0000000100000000)
  region size 1024K, 19 young (19456K), 3 survivors (3072K)
 Metaspace       used 25603K, committed 25984K, reserved 1114112K
  class space    used 2962K, committed 3136K, reserved 1048576K
}
Event: 3.601 GC heap after
{Heap after GC invocations=12 (full 0):
 garbage-first heap   total 73728K, used 41472K [0x00000000c4c00000, 0x0000000100000000)
  region size 1024K, 3 young (3072K), 3 survivors (3072K)
 Metaspace       used 25603K, committed 25984K, reserved 1114112K
  class space    used 2962K, committed 3136K, reserved 1048576K
}
Event: 3.604 GC heap before
{Heap before GC invocations=12 (full 0):
 garbage-first heap   total 73728K, used 42496K [0x00000000c4c00000, 0x0000000100000000)
  region size 1024K, 4 young (4096K), 3 survivors (3072K)
 Metaspace       used 25603K, committed 25984K, reserved 1114112K
  class space    used 2962K, committed 3136K, reserved 1048576K
}
Event: 3.610 GC heap after
{Heap after GC invocations=13 (full 0):
 garbage-first heap   total 73728K, used 42803K [0x00000000c4c00000, 0x0000000100000000)
  region size 1024K, 1 young (1024K), 1 survivors (1024K)
 Metaspace       used 25603K, committed 25984K, reserved 1114112K
  class space    used 2962K, committed 3136K, reserved 1048576K
}
Event: 3.743 GC heap before
{Heap before GC invocations=13 (full 0):
 garbage-first heap   total 73728K, used 53043K [0x00000000c4c00000, 0x0000000100000000)
  region size 1024K, 11 young (11264K), 1 survivors (1024K)
 Metaspace       used 25993K, committed 26304K, reserved 1114112K
  class space    used 3015K, committed 3136K, reserved 1048576K
}

