# JRE version: Java(TM) SE Runtime Environment (17.0.12+8) (build 17.0.12+8-LTS-286)
# Java VM: Java HotSpot(TM) 64-Bit Server VM (17.0.12+8-LTS-286, mixed mode, sharing, tiered, compressed oops, compressed class ptrs, g1 gc, windows-amd64)
GC Precious Log:
 CPUs: 4 total, 4 available
 Memory: 3790M
 Large Page Support: Disabled
 NUMA Support: Disabled
 Compressed Oops: Enabled (32-bit)
 Heap Region Size: 1M
 Heap Min Capacity: 8M
 Heap Initial Capacity: 60M
 Heap Max Capacity: 948M
 Pre-touch: Disabled
 Parallel Workers: 4
 Concurrent Workers: 1
 Concurrent Refinement Workers: 4
 Periodic GC: Disabled
Heap:
 garbage-first heap   total 86016K, used 45288K [0x00000000c4c00000, 0x0000000100000000)
  region size 1024K, 26 young (26624K), 3 survivors (3072K)
 Metaspace       used 25277K, committed 25536K, reserved 1114112K
  class space    used 2925K, committed 3072K, reserved 1048576K
GC Heap History (16 events):
Event: 0.358 GC heap before
{Heap before GC invocations=0 (full 0):
 garbage-first heap   total 61440K, used 13312K [0x00000000c4c00000, 0x0000000100000000)
  region size 1024K, 13 young (13312K), 0 survivors (0K)
 Metaspace       used 3589K, committed 3712K, reserved 1114112K
  class space    used 391K, committed 448K, reserved 1048576K
}
Event: 0.362 GC heap after
{Heap after GC invocations=1 (full 0):
 garbage-first heap   total 61440K, used 3136K [0x00000000c4c00000, 0x0000000100000000)
  region size 1024K, 2 young (2048K), 2 survivors (2048K)
 Metaspace       used 3589K, committed 3712K, reserved 1114112K
  class space    used 391K, committed 448K, reserved 1048576K
}
Event: 0.549 GC heap before
{Heap before GC invocations=1 (full 0):
 garbage-first heap   total 61440K, used 17472K [0x00000000c4c00000, 0x0000000100000000)
  region size 1024K, 16 young (16384K), 2 survivors (2048K)
 Metaspace       used 5800K, committed 5952K, reserved 1114112K
  class space    used 704K, committed 768K, reserved 1048576K
}
Event: 0.553 GC heap after
{Heap after GC invocations=2 (full 0):
 garbage-first heap   total 61440K, used 3798K [0x00000000c4c00000, 0x0000000100000000)
  region size 1024K, 1 young (1024K), 1 survivors (1024K)
 Metaspace       used 5800K, committed 5952K, reserved 1114112K
  class space    used 704K, committed 768K, reserved 1048576K
}
Event: 1.091 GC heap before
{Heap before GC invocations=2 (full 0):
 garbage-first heap   total 61440K, used 39638K [0x00000000c4c00000, 0x0000000100000000)
  region size 1024K, 36 young (36864K), 1 survivors (1024K)
 Metaspace       used 11486K, committed 11712K, reserved 1114112K
  class space    used 1421K, committed 1536K, reserved 1048576K
}
Event: 1.097 GC heap after
{Heap after GC invocations=3 (full 0):
 garbage-first heap   total 61440K, used 6059K [0x00000000c4c00000, 0x0000000100000000)
  region size 1024K, 3 young (3072K), 3 survivors (3072K)
 Metaspace       used 11486K, committed 11712K, reserved 1114112K
  class space    used 1421K, committed 1536K, reserved 1048576K
}
Event: 1.782 GC heap before
{Heap before GC invocations=3 (full 0):
 garbage-first heap   total 61440K, used 39851K [0x00000000c4c00000, 0x0000000100000000)
  region size 1024K, 36 young (36864K), 3 survivors (3072K)
 Metaspace       used 14973K, committed 15232K, reserved 1114112K
  class space    used 1805K, committed 1920K, reserved 1048576K
}
Event: 1.795 GC heap after
{Heap after GC invocations=4 (full 0):
 garbage-first heap   total 61440K, used 10175K [0x00000000c4c00000, 0x0000000100000000)
  region size 1024K, 5 young (5120K), 5 survivors (5120K)
 Metaspace       used 14973K, committed 15232K, reserved 1114112K
  class space    used 1805K, committed 1920K, reserved 1048576K
}
Event: 2.416 GC heap before
{Heap before GC invocations=4 (full 0):
 garbage-first heap   total 61440K, used 41919K [0x00000000c4c00000, 0x0000000100000000)
  region size 1024K, 36 young (36864K), 5 survivors (5120K)
 Metaspace       used 15774K, committed 16064K, reserved 1114112K
  class space    used 1874K, committed 1984K, reserved 1048576K
}
Event: 2.430 GC heap after
{Heap after GC invocations=5 (full 0):
 garbage-first heap   total 73728K, used 13682K [0x00000000c4c00000, 0x0000000100000000)
  region size 1024K, 4 young (4096K), 4 survivors (4096K)
 Metaspace       used 15774K, committed 16064K, reserved 1114112K
  class space    used 1874K, committed 1984K, reserved 1048576K
}
Event: 3.395 GC heap before
{Heap before GC invocations=5 (full 0):
 garbage-first heap   total 73728K, used 51570K [0x00000000c4c00000, 0x0000000100000000)
  region size 1024K, 41 young (41984K), 4 survivors (4096K)
 Metaspace       used 16489K, committed 16704K, reserved 1114112K
  class space    used 1908K, committed 1984K, reserved 1048576K
}
Event: 3.403 GC heap after
{Heap after GC invocations=6 (full 0):
 garbage-first heap   total 73728K, used 14249K [0x00000000c4c00000, 0x0000000100000000)
  region size 1024K, 4 young (4096K), 4 survivors (4096K)
 Metaspace       used 16489K, committed 16704K, reserved 1114112K
  class space    used 1908K, committed 1984K, reserved 1048576K
}
Event: 3.574 GC heap before
{Heap before GC invocations=6 (full 0):
 garbage-first heap   total 73728K, used 39849K [0x00000000c4c00000, 0x0000000100000000)
  region size 1024K, 10 young (10240K), 4 survivors (4096K)
 Metaspace       used 17303K, committed 17600K, reserved 1114112K
  class space    used 2011K, committed 2176K, reserved 1048576K
}
Event: 3.581 GC heap after
{Heap after GC invocations=7 (full 0):
 garbage-first heap   total 73728K, used 35635K [0x00000000c4c00000, 0x0000000100000000)
  region size 1024K, 3 young (3072K), 3 survivors (3072K)
 Metaspace       used 17303K, committed 17600K, reserved 1114112K
  class space    used 2011K, committed 2176K, reserved 1048576K
}
Event: 4.280 GC heap before
{Heap before GC invocations=8 (full 0):
 garbage-first heap   total 86016K, used 68403K [0x00000000c4c00000, 0x0000000100000000)
  region size 1024K, 24 young (24576K), 3 survivors (3072K)
 Metaspace       used 19568K, committed 19776K, reserved 1114112K
  class space    used 2262K, committed 2368K, reserved 1048576K
}
Event: 4.287 GC heap after
{Heap after GC invocations=9 (full 0):
 garbage-first heap   total 86016K, used 16616K [0x00000000c4c00000, 0x0000000100000000)
  region size 1024K, 3 young (3072K), 3 survivors (3072K)
 Metaspace       used 19568K, committed 19776K, reserved 1114112K
  class space    used 2262K, committed 2368K, reserved 1048576K
}

